/ceph/dwong/noise-weighted-subspace-reconstruction/src/NFPA/nfpa_demo.py:64: RuntimeWarning: divide by zero encountered in divide
  _cf_raw  = np.where(white_f > 1e-10, 1.0/white_f, 0.0)
C=2, T=256, k_c=2, k_t=3, k_tot=6
Whitened noise RMS = 0.999  (target 1.0)
Approx waveform SNR (whitened) = 913.70
OF amplitude corr = 1.0000
Training NFPA  (chi² loss)...
  chi²: 0.97849 → 0.97849
Training IsoAE (MSE loss)...
  MSE:  0.00000 → 0.00000
  chi²: 412957.56687 → 412957.56687

── Reconstruction metrics ───────────────────────────────────
Method           chi²      raw MSE
  EMPCA       0.99286      0.00495
  NFPA        0.99161      0.00495
  IsoAE       0.99949      0.00000
  IsoPCA      1.00070      0.00000

  Metric reversal:
  NFPA chi² < IsoAE chi²? True  (0.99161 vs 0.99949)
  NFPA MSE  > IsoAE MSE?  True   (0.00495 vs 0.00000)

── Subspace principal angles (°) ────────────────────────────
  NFPA  vs EMPCA: [ 0.  59.3 64.6 73.8 84.8 87.8]  ← Bridge Thm: SMALL
  IsoAE vs EMPCA: [82.1 83.7 86.  86.6 88.2 89.4]  ← Metric reversal: LARGE
  NFPA  vs IsoAE: [80.9 83.1 84.4 88.2 88.7 89.9]

── Amplitude recovery ───────────────────────────────────────
  OF   r = 1.0000
  NFPA r = 1.0000  (latent dim 0)
  All dim corrs: ['-1.000', '-0.011', '-0.044', '0.027', '-0.031', '0.089']

── k=1 NFPA vs OF ───────────────────────────────────────────
  |cos θ| template alignment = 1.0000  (1.0 = identical)
  k=1 NFPA ampl corr = 1.0000
  OF        ampl corr = 1.0000

Figure saved: /ceph/dwong/noise-weighted-subspace-reconstruction/src/NFPA/nfpa_demo_results.png

=======================================================
NUMERICAL SUMMARY
=======================================================
Bridge Theorem (NFPA→EMPCA):
  mean principal angle: 61.7°  (IsoAE: 86.0°)
Metric reversal:
  chi²: NFPA=0.99161 < IsoAE=0.99949  ✓
  MSE:  NFPA=0.00495 > IsoAE=0.00000  ✓
Theorem 4.1 (k=1 → OF):  |cosθ| = 1.0000  r = 1.0000
Amplitude recovery:  OF r=1.0000  NFPA r=1.0000
=======================================================
